{"C:\\Repos\\remate-teams-app\\src\\services\\GraphServiceFake.ts": {"path":"C:\\Repos\\remate-teams-app\\src\\services\\GraphServiceFake.ts","statementMap":{"0":{"start":{"line":6,"column":0},"end":{"line":79,"column":0}},"1":{"start":{"line":8,"column":17},"end":{"line":27,"column":5}},"2":{"start":{"line":10,"column":8},"end":{"line":26,"column":11}},"3":{"start":{"line":13,"column":16},"end":{"line":23,"column":17}},"4":{"start":{"line":25,"column":12},"end":{"line":25,"column":26}},"5":{"start":{"line":29,"column":17},"end":{"line":49,"column":5}},"6":{"start":{"line":31,"column":8},"end":{"line":48,"column":11}},"7":{"start":{"line":33,"column":36},"end":{"line":45,"column":28}},"8":{"start":{"line":47,"column":12},"end":{"line":47,"column":26}},"9":{"start":{"line":51,"column":17},"end":{"line":53,"column":5}},"10":{"start":{"line":52,"column":6},"end":{"line":52,"column":38}},"11":{"start":{"line":55,"column":17},"end":{"line":57,"column":5}},"12":{"start":{"line":56,"column":6},"end":{"line":56,"column":18}},"13":{"start":{"line":59,"column":17},"end":{"line":62,"column":5}},"14":{"start":{"line":61,"column":8},"end":{"line":61,"column":20}},"15":{"start":{"line":64,"column":17},"end":{"line":67,"column":5}},"16":{"start":{"line":66,"column":8},"end":{"line":66,"column":20}},"17":{"start":{"line":69,"column":17},"end":{"line":71,"column":5}},"18":{"start":{"line":70,"column":6},"end":{"line":70,"column":18}},"19":{"start":{"line":73,"column":11},"end":{"line":75,"column":7}},"20":{"start":{"line":74,"column":7},"end":{"line":74,"column":19}},"21":{"start":{"line":79,"column":0},"end":{"line":79,"column":1}}},"fnMap":{"0":{"name":"(anonymous_13)","decl":{"start":{"line":6,"column":0},"end":{"line":null,"column":-1}},"loc":{"start":{"line":6,"column":0},"end":{"line":6,"column":-1}}},"1":{"name":"(anonymous_15)","decl":{"start":{"line":8,"column":4},"end":{"line":null,"column":-1}},"loc":{"start":{"line":8,"column":4},"end":{"line":27,"column":5}}},"2":{"name":"(anonymous_18)","decl":{"start":{"line":10,"column":38},"end":{"line":10,"column":37}},"loc":{"start":{"line":10,"column":45},"end":{"line":26,"column":9}}},"3":{"name":"(anonymous_19)","decl":{"start":{"line":29,"column":4},"end":{"line":29,"column":39}},"loc":{"start":{"line":29,"column":53},"end":{"line":49,"column":5}}},"4":{"name":"(anonymous_22)","decl":{"start":{"line":31,"column":45},"end":{"line":31,"column":44}},"loc":{"start":{"line":31,"column":52},"end":{"line":48,"column":9}}},"5":{"name":"(anonymous_23)","decl":{"start":{"line":51,"column":4},"end":{"line":51,"column":33}},"loc":{"start":{"line":51,"column":52},"end":{"line":53,"column":5}}},"6":{"name":"(anonymous_26)","decl":{"start":{"line":55,"column":4},"end":{"line":55,"column":37}},"loc":{"start":{"line":55,"column":56},"end":{"line":57,"column":5}}},"7":{"name":"(anonymous_29)","decl":{"start":{"line":59,"column":4},"end":{"line":null,"column":-1}},"loc":{"start":{"line":59,"column":4},"end":{"line":62,"column":5}}},"8":{"name":"(anonymous_32)","decl":{"start":{"line":64,"column":4},"end":{"line":64,"column":32}},"loc":{"start":{"line":64,"column":48},"end":{"line":67,"column":5}}},"9":{"name":"(anonymous_35)","decl":{"start":{"line":69,"column":4},"end":{"line":69,"column":38}},"loc":{"start":{"line":69,"column":90},"end":{"line":71,"column":5}}},"10":{"name":"(anonymous_38)","decl":{"start":{"line":73,"column":4},"end":{"line":73,"column":23}},"loc":{"start":{"line":73,"column":47},"end":{"line":75,"column":7}}}},"branchMap":{},"s":{"0":2,"1":2,"2":1,"3":1,"4":1,"5":2,"6":0,"7":0,"8":0,"9":2,"10":0,"11":2,"12":0,"13":2,"14":0,"15":2,"16":0,"17":2,"18":0,"19":2,"20":0,"21":2},"f":{"0":5,"1":1,"2":1,"3":0,"4":0,"5":0,"6":0,"7":0,"8":0,"9":0,"10":0},"b":{}}
,"C:\\Repos\\remate-teams-app\\src\\services\\RankingServiceFake.ts": {"path":"C:\\Repos\\remate-teams-app\\src\\services\\RankingServiceFake.ts","statementMap":{"0":{"start":{"line":5,"column":0},"end":{"line":14,"column":0}},"1":{"start":{"line":7,"column":17},"end":{"line":9,"column":5}},"2":{"start":{"line":8,"column":8},"end":{"line":8,"column":35}},"3":{"start":{"line":11,"column":17},"end":{"line":13,"column":5}},"4":{"start":{"line":12,"column":8},"end":{"line":12,"column":35}},"5":{"start":{"line":14,"column":0},"end":{"line":14,"column":1}}},"fnMap":{"0":{"name":"(anonymous_13)","decl":{"start":{"line":5,"column":0},"end":{"line":null,"column":-1}},"loc":{"start":{"line":5,"column":0},"end":{"line":5,"column":-1}}},"1":{"name":"(anonymous_15)","decl":{"start":{"line":7,"column":4},"end":{"line":null,"column":-1}},"loc":{"start":{"line":7,"column":4},"end":{"line":9,"column":5}}},"2":{"name":"(anonymous_18)","decl":{"start":{"line":11,"column":4},"end":{"line":11,"column":39}},"loc":{"start":{"line":11,"column":54},"end":{"line":13,"column":5}}}},"branchMap":{},"s":{"0":1,"1":1,"2":0,"3":1,"4":0,"5":1},"f":{"0":2,"1":0,"2":0},"b":{}}
,"C:\\Repos\\remate-teams-app\\src\\webparts\\faceMatcher\\components\\DraggableName\\DraggableName.tsx": {"path":"C:\\Repos\\remate-teams-app\\src\\webparts\\faceMatcher\\components\\DraggableName\\DraggableName.tsx","statementMap":{"0":{"start":{"line":1,"column":0},"end":{"line":1,"column":30}},"1":{"start":{"line":3,"column":0},"end":{"line":3,"column":48}},"2":{"start":{"line":4,"column":0},"end":{"line":4,"column":45}},"3":{"start":{"line":6,"column":68},"end":{"line":19,"column":1}},"4":{"start":{"line":8,"column":28},"end":{"line":10,"column":5}},"5":{"start":{"line":9,"column":8},"end":{"line":9,"column":79}},"6":{"start":{"line":12,"column":4},"end":{"line":18,"column":6}},"7":{"start":{"line":14,"column":36},"end":{"line":14,"column":58}},"8":{"start":{"line":20,"column":0},"end":{"line":20,"column":29}}},"fnMap":{"0":{"name":"(anonymous_0)","decl":{"start":{"line":6,"column":68},"end":{"line":6,"column":67}},"loc":{"start":{"line":6,"column":73},"end":{"line":19,"column":1}}},"1":{"name":"(anonymous_1)","decl":{"start":{"line":8,"column":28},"end":{"line":8,"column":28}},"loc":{"start":{"line":8,"column":39},"end":{"line":10,"column":5}}},"2":{"name":"(anonymous_2)","decl":{"start":{"line":14,"column":25},"end":{"line":14,"column":25}},"loc":{"start":{"line":14,"column":31},"end":{"line":14,"column":58}}}},"branchMap":{},"s":{"0":1,"1":1,"2":1,"3":1,"4":4,"5":0,"6":4,"7":0,"8":1},"f":{"0":4,"1":0,"2":0},"b":{}}
,"C:\\Repos\\remate-teams-app\\src\\webparts\\shared\\Ranking\\Ranking.tsx": {"path":"C:\\Repos\\remate-teams-app\\src\\webparts\\shared\\Ranking\\Ranking.tsx","statementMap":{"0":{"start":{"line":1,"column":0},"end":{"line":1,"column":30}},"1":{"start":{"line":3,"column":0},"end":{"line":3,"column":42}},"2":{"start":{"line":4,"column":0},"end":{"line":4,"column":80}},"3":{"start":{"line":5,"column":0},"end":{"line":5,"column":43}},"4":{"start":{"line":7,"column":0},"end":{"line":7,"column":52}},"5":{"start":{"line":9,"column":0},"end":{"line":9,"column":58}},"6":{"start":{"line":11,"column":56},"end":{"line":114,"column":1}},"7":{"start":{"line":13,"column":8},"end":{"line":13,"column":54}},"8":{"start":{"line":13,"column":9},"end":{"line":13,"column":20}},"9":{"start":{"line":13,"column":22},"end":{"line":13,"column":54}},"10":{"start":{"line":14,"column":8},"end":{"line":14,"column":52}},"11":{"start":{"line":14,"column":9},"end":{"line":14,"column":20}},"12":{"start":{"line":14,"column":22},"end":{"line":14,"column":52}},"13":{"start":{"line":15,"column":8},"end":{"line":15,"column":44}},"14":{"start":{"line":15,"column":9},"end":{"line":15,"column":16}},"15":{"start":{"line":15,"column":18},"end":{"line":15,"column":44}},"16":{"start":{"line":16,"column":8},"end":{"line":16,"column":58}},"17":{"start":{"line":16,"column":9},"end":{"line":16,"column":23}},"18":{"start":{"line":16,"column":25},"end":{"line":16,"column":58}},"19":{"start":{"line":17,"column":8},"end":{"line":17,"column":55}},"20":{"start":{"line":17,"column":9},"end":{"line":17,"column":20}},"21":{"start":{"line":17,"column":22},"end":{"line":17,"column":55}},"22":{"start":{"line":18,"column":8},"end":{"line":18,"column":63}},"23":{"start":{"line":18,"column":9},"end":{"line":18,"column":24}},"24":{"start":{"line":18,"column":26},"end":{"line":18,"column":63}},"25":{"start":{"line":20,"column":26},"end":{"line":24,"column":3}},"26":{"start":{"line":21,"column":28},"end":{"line":21,"column":76}},"27":{"start":{"line":21,"column":10},"end":{"line":21,"column":76}},"28":{"start":{"line":23,"column":4},"end":{"line":23,"column":25}},"29":{"start":{"line":26,"column":2},"end":{"line":28,"column":9}},"30":{"start":{"line":27,"column":4},"end":{"line":27,"column":22}},"31":{"start":{"line":30,"column":23},"end":{"line":44,"column":3}},"32":{"start":{"line":32,"column":45},"end":{"line":32,"column":88}},"33":{"start":{"line":32,"column":10},"end":{"line":32,"column":88}},"34":{"start":{"line":33,"column":10},"end":{"line":33,"column":112}},"35":{"start":{"line":33,"column":67},"end":{"line":33,"column":82}},"36":{"start":{"line":35,"column":4},"end":{"line":40,"column":5}},"37":{"start":{"line":36,"column":6},"end":{"line":36,"column":42}},"38":{"start":{"line":38,"column":6},"end":{"line":38,"column":42}},"39":{"start":{"line":39,"column":6},"end":{"line":39,"column":93}},"40":{"start":{"line":42,"column":4},"end":{"line":42,"column":32}},"41":{"start":{"line":43,"column":4},"end":{"line":43,"column":25}},"42":{"start":{"line":46,"column":2},"end":{"line":113,"column":4}},"43":{"start":{"line":48,"column":44},"end":{"line":48,"column":58}},"44":{"start":{"line":54,"column":10},"end":{"line":54,"column":39}},"45":{"start":{"line":55,"column":10},"end":{"line":55,"column":36}},"46":{"start":{"line":67,"column":14},"end":{"line":71,"column":47}},"47":{"start":{"line":78,"column":14},"end":{"line":82,"column":47}},"48":{"start":{"line":96,"column":18},"end":{"line":100,"column":51}},"49":{"start":{"line":106,"column":70},"end":{"line":106,"column":95}},"50":{"start":{"line":115,"column":0},"end":{"line":115,"column":23}}},"fnMap":{"0":{"name":"(anonymous_13)","decl":{"start":{"line":11,"column":56},"end":{"line":11,"column":55}},"loc":{"start":{"line":11,"column":61},"end":{"line":114,"column":1}}},"1":{"name":"(anonymous_14)","decl":{"start":{"line":20,"column":26},"end":{"line":20,"column":35}},"loc":{"start":{"line":20,"column":26},"end":{"line":24,"column":3}}},"2":{"name":"(anonymous_17)","decl":{"start":{"line":26,"column":12},"end":{"line":null,"column":-1}},"loc":{"start":{"line":26,"column":12},"end":{"line":28,"column":3}}},"3":{"name":"(anonymous_18)","decl":{"start":{"line":30,"column":23},"end":{"line":30,"column":32}},"loc":{"start":{"line":30,"column":23},"end":{"line":44,"column":3}}},"4":{"name":"(anonymous_21)","decl":{"start":{"line":33,"column":56},"end":{"line":33,"column":55}},"loc":{"start":{"line":33,"column":63},"end":{"line":33,"column":82}}},"5":{"name":"(anonymous_22)","decl":{"start":{"line":48,"column":38},"end":{"line":48,"column":43}},"loc":{"start":{"line":48,"column":38},"end":{"line":48,"column":58}}},"6":{"name":"(anonymous_23)","decl":{"start":{"line":53,"column":19},"end":{"line":null,"column":-1}},"loc":{"start":{"line":53,"column":19},"end":{"line":56,"column":9}}},"7":{"name":"(anonymous_24)","decl":{"start":{"line":65,"column":28},"end":{"line":65,"column":28}},"loc":{"start":{"line":65,"column":65},"end":{"line":73,"column":13}}},"8":{"name":"(anonymous_25)","decl":{"start":{"line":76,"column":25},"end":{"line":76,"column":25}},"loc":{"start":{"line":76,"column":47},"end":{"line":84,"column":13}}},"9":{"name":"(anonymous_26)","decl":{"start":{"line":94,"column":36},"end":{"line":94,"column":36}},"loc":{"start":{"line":94,"column":73},"end":{"line":102,"column":17}}},"10":{"name":"(anonymous_27)","decl":{"start":{"line":106,"column":62},"end":{"line":106,"column":69}},"loc":{"start":{"line":106,"column":62},"end":{"line":106,"column":97}}}},"branchMap":{"0":{"loc":{"start":{"line":35,"column":4},"end":{"line":40,"column":5}},"type":"if","locations":[{"start":{"line":35,"column":4},"end":{"line":40,"column":5}},{"start":{"line":35,"column":4},"end":{"line":40,"column":5}}]},"1":{"loc":{"start":{"line":65,"column":12},"end":{"line":73,"column":14}},"type":"cond-expr","locations":[{"start":{"line":65,"column":12},"end":{"line":73,"column":14}},{"start":{"line":75,"column":12},"end":{"line":108,"column":15}}]},"2":{"loc":{"start":{"line":86,"column":15},"end":{"line":86,"column":40}},"type":"binary-expr","locations":[{"start":{"line":86,"column":15},"end":{"line":86,"column":40}},{"start":{"line":87,"column":14},"end":{"line":103,"column":17}}]},"3":{"loc":{"start":{"line":105,"column":15},"end":{"line":105,"column":31}},"type":"binary-expr","locations":[{"start":{"line":105,"column":15},"end":{"line":105,"column":31}},{"start":{"line":106,"column":14},"end":{"line":106,"column":101}}]}},"s":{"0":1,"1":1,"2":1,"3":1,"4":1,"5":1,"6":1,"7":2,"8":2,"9":2,"10":2,"11":2,"12":2,"13":2,"14":2,"15":2,"16":2,"17":2,"18":2,"19":2,"20":2,"21":2,"22":2,"23":2,"24":2,"25":2,"26":1,"27":1,"28":1,"29":2,"30":1,"31":2,"32":0,"33":0,"34":0,"35":0,"36":0,"37":0,"38":0,"39":0,"40":0,"41":0,"42":2,"43":0,"44":0,"45":0,"46":0,"47":0,"48":0,"49":0,"50":1},"f":{"0":2,"1":1,"2":1,"3":0,"4":0,"5":0,"6":0,"7":0,"8":0,"9":0,"10":0},"b":{"0":[0,0],"1":[0,2],"2":[2,0],"3":[2,2]}}
,"C:\\Repos\\remate-teams-app\\src\\webparts\\shared\\RankingButton\\RankingButton.tsx": {"path":"C:\\Repos\\remate-teams-app\\src\\webparts\\shared\\RankingButton\\RankingButton.tsx","statementMap":{"0":{"start":{"line":1,"column":0},"end":{"line":1,"column":30}},"1":{"start":{"line":3,"column":0},"end":{"line":3,"column":48}},"2":{"start":{"line":6,"column":68},"end":{"line":33,"column":1}},"3":{"start":{"line":8,"column":2},"end":{"line":32,"column":4}},"4":{"start":{"line":9,"column":64},"end":{"line":9,"column":87}},"5":{"start":{"line":34,"column":0},"end":{"line":34,"column":29}}},"fnMap":{"0":{"name":"(anonymous_13)","decl":{"start":{"line":6,"column":68},"end":{"line":6,"column":67}},"loc":{"start":{"line":6,"column":73},"end":{"line":33,"column":1}}},"1":{"name":"(anonymous_14)","decl":{"start":{"line":9,"column":52},"end":{"line":null,"column":-1}},"loc":{"start":{"line":9,"column":52},"end":{"line":9,"column":87}}}},"branchMap":{},"s":{"0":1,"1":1,"2":1,"3":2,"4":0,"5":1},"f":{"0":2,"1":0},"b":{}}
,"C:\\Repos\\remate-teams-app\\src\\webparts\\shared\\RankingItem\\RankingItem.tsx": {"path":"C:\\Repos\\remate-teams-app\\src\\webparts\\shared\\RankingItem\\RankingItem.tsx","statementMap":{"0":{"start":{"line":1,"column":0},"end":{"line":1,"column":30}},"1":{"start":{"line":2,"column":0},"end":{"line":2,"column":43}},"2":{"start":{"line":3,"column":0},"end":{"line":3,"column":46}},"3":{"start":{"line":5,"column":0},"end":{"line":5,"column":45}},"4":{"start":{"line":7,"column":13},"end":{"line":56,"column":2}},"5":{"start":{"line":9,"column":8},"end":{"line":9,"column":40}},"6":{"start":{"line":9,"column":9},"end":{"line":9,"column":14}},"7":{"start":{"line":9,"column":16},"end":{"line":9,"column":40}},"8":{"start":{"line":11,"column":20},"end":{"line":14,"column":3}},"9":{"start":{"line":12,"column":18},"end":{"line":12,"column":86}},"10":{"start":{"line":12,"column":10},"end":{"line":12,"column":86}},"11":{"start":{"line":13,"column":4},"end":{"line":13,"column":20}},"12":{"start":{"line":16,"column":2},"end":{"line":20,"column":9}},"13":{"start":{"line":17,"column":4},"end":{"line":19,"column":5}},"14":{"start":{"line":18,"column":6},"end":{"line":18,"column":18}},"15":{"start":{"line":22,"column":24},"end":{"line":31,"column":3}},"16":{"start":{"line":23,"column":4},"end":{"line":28,"column":5}},"17":{"start":{"line":25,"column":8},"end":{"line":25,"column":22}},"18":{"start":{"line":27,"column":8},"end":{"line":27,"column":24}},"19":{"start":{"line":30,"column":4},"end":{"line":30,"column":21}},"20":{"start":{"line":33,"column":2},"end":{"line":55,"column":4}},"21":{"start":{"line":57,"column":0},"end":{"line":57,"column":27}}},"fnMap":{"0":{"name":"(anonymous_13)","decl":{"start":{"line":7,"column":71},"end":{"line":7,"column":70}},"loc":{"start":{"line":7,"column":76},"end":{"line":56,"column":1}}},"1":{"name":"(anonymous_14)","decl":{"start":{"line":11,"column":20},"end":{"line":11,"column":29}},"loc":{"start":{"line":11,"column":20},"end":{"line":14,"column":3}}},"2":{"name":"(anonymous_17)","decl":{"start":{"line":16,"column":12},"end":{"line":null,"column":-1}},"loc":{"start":{"line":16,"column":12},"end":{"line":20,"column":3}}},"3":{"name":"(anonymous_18)","decl":{"start":{"line":22,"column":24},"end":{"line":22,"column":24}},"loc":{"start":{"line":22,"column":41},"end":{"line":31,"column":3}}}},"branchMap":{"0":{"loc":{"start":{"line":17,"column":4},"end":{"line":19,"column":5}},"type":"if","locations":[{"start":{"line":17,"column":4},"end":{"line":19,"column":5}},{"start":{"line":17,"column":4},"end":{"line":19,"column":5}}]},"1":{"loc":{"start":{"line":17,"column":8},"end":{"line":17,"column":26}},"type":"binary-expr","locations":[{"start":{"line":17,"column":8},"end":{"line":17,"column":26}},{"start":{"line":17,"column":30},"end":{"line":17,"column":49}}]},"2":{"loc":{"start":{"line":24,"column":6},"end":{"line":25,"column":22}},"type":"switch","locations":[{"start":{"line":24,"column":6},"end":{"line":25,"column":22}},{"start":{"line":26,"column":6},"end":{"line":27,"column":24}}]},"3":{"loc":{"start":{"line":34,"column":45},"end":{"line":34,"column":70}},"type":"cond-expr","locations":[{"start":{"line":34,"column":45},"end":{"line":34,"column":70}},{"start":{"line":34,"column":72},"end":{"line":34,"column":99}}]},"4":{"loc":{"start":{"line":38,"column":12},"end":{"line":39,"column":65}},"type":"cond-expr","locations":[{"start":{"line":38,"column":12},"end":{"line":39,"column":65}},{"start":{"line":40,"column":12},"end":{"line":40,"column":35}}]},"5":{"loc":{"start":{"line":44,"column":12},"end":{"line":44,"column":62}},"type":"cond-expr","locations":[{"start":{"line":44,"column":12},"end":{"line":44,"column":62}},{"start":{"line":45,"column":12},"end":{"line":45,"column":87}}]}},"s":{"0":2,"1":2,"2":2,"3":2,"4":2,"5":2,"6":2,"7":2,"8":2,"9":0,"10":0,"11":0,"12":2,"13":0,"14":0,"15":2,"16":2,"17":2,"18":0,"19":0,"20":2,"21":2},"f":{"0":2,"1":0,"2":0,"3":2},"b":{"0":[0,0],"1":[0,0],"2":[2,0],"3":[2,0],"4":[2,0],"5":[0,2]}}
}
