TN:
SF:C:\Repos\remate-teams-app\src\services\GraphServiceFake.ts
FN:6,(anonymous_13)
FN:8,(anonymous_15)
FN:10,(anonymous_18)
FN:29,(anonymous_19)
FN:31,(anonymous_22)
FN:51,(anonymous_23)
FN:55,(anonymous_26)
FN:59,(anonymous_29)
FN:64,(anonymous_32)
FN:69,(anonymous_35)
FN:73,(anonymous_38)
FNF:11
FNH:3
FNDA:5,(anonymous_13)
FNDA:1,(anonymous_15)
FNDA:1,(anonymous_18)
FNDA:0,(anonymous_19)
FNDA:0,(anonymous_22)
FNDA:0,(anonymous_23)
FNDA:0,(anonymous_26)
FNDA:0,(anonymous_29)
FNDA:0,(anonymous_32)
FNDA:0,(anonymous_35)
FNDA:0,(anonymous_38)
DA:6,2
DA:8,2
DA:10,1
DA:13,1
DA:25,1
DA:29,2
DA:31,0
DA:33,0
DA:47,0
DA:51,2
DA:52,0
DA:55,2
DA:56,0
DA:59,2
DA:61,0
DA:64,2
DA:66,0
DA:69,2
DA:70,0
DA:73,2
DA:74,0
DA:79,2
LF:22
LH:13
BRF:0
BRH:0
end_of_record
TN:
SF:C:\Repos\remate-teams-app\src\services\RankingServiceFake.ts
FN:5,(anonymous_13)
FN:7,(anonymous_15)
FN:11,(anonymous_18)
FNF:3
FNH:1
FNDA:2,(anonymous_13)
FNDA:0,(anonymous_15)
FNDA:0,(anonymous_18)
DA:5,1
DA:7,1
DA:8,0
DA:11,1
DA:12,0
DA:14,1
LF:6
LH:4
BRF:0
BRH:0
end_of_record
TN:
SF:C:\Repos\remate-teams-app\src\webparts\faceMatcher\components\DraggableName\DraggableName.tsx
FN:6,(anonymous_0)
FN:8,(anonymous_1)
FN:14,(anonymous_2)
FNF:3
FNH:1
FNDA:4,(anonymous_0)
FNDA:0,(anonymous_1)
FNDA:0,(anonymous_2)
DA:1,1
DA:3,1
DA:4,1
DA:6,1
DA:8,4
DA:9,0
DA:12,4
DA:14,0
DA:20,1
LF:9
LH:7
BRF:0
BRH:0
end_of_record
TN:
SF:C:\Repos\remate-teams-app\src\webparts\shared\Ranking\Ranking.tsx
FN:11,(anonymous_13)
FN:20,(anonymous_14)
FN:26,(anonymous_17)
FN:30,(anonymous_18)
FN:33,(anonymous_21)
FN:48,(anonymous_22)
FN:53,(anonymous_23)
FN:65,(anonymous_24)
FN:76,(anonymous_25)
FN:94,(anonymous_26)
FN:106,(anonymous_27)
FNF:11
FNH:3
FNDA:2,(anonymous_13)
FNDA:1,(anonymous_14)
FNDA:1,(anonymous_17)
FNDA:0,(anonymous_18)
FNDA:0,(anonymous_21)
FNDA:0,(anonymous_22)
FNDA:0,(anonymous_23)
FNDA:0,(anonymous_24)
FNDA:0,(anonymous_25)
FNDA:0,(anonymous_26)
FNDA:0,(anonymous_27)
DA:1,1
DA:3,1
DA:4,1
DA:5,1
DA:7,1
DA:9,1
DA:11,1
DA:13,2
DA:14,2
DA:15,2
DA:16,2
DA:17,2
DA:18,2
DA:20,2
DA:21,1
DA:23,1
DA:26,2
DA:27,1
DA:30,2
DA:32,0
DA:33,0
DA:35,0
DA:36,0
DA:38,0
DA:39,0
DA:42,0
DA:43,0
DA:46,2
DA:48,0
DA:54,0
DA:55,0
DA:67,0
DA:78,0
DA:96,0
DA:106,0
DA:115,1
LF:36
LH:21
BRDA:35,0,0,0
BRDA:35,0,1,0
BRDA:65,1,0,0
BRDA:65,1,1,2
BRDA:86,2,0,2
BRDA:86,2,1,0
BRDA:105,3,0,2
BRDA:105,3,1,2
BRF:8
BRH:4
end_of_record
TN:
SF:C:\Repos\remate-teams-app\src\webparts\shared\RankingButton\RankingButton.tsx
FN:6,(anonymous_13)
FN:9,(anonymous_14)
FNF:2
FNH:1
FNDA:2,(anonymous_13)
FNDA:0,(anonymous_14)
DA:1,1
DA:3,1
DA:6,1
DA:8,2
DA:9,0
DA:34,1
LF:6
LH:5
BRF:0
BRH:0
end_of_record
TN:
SF:C:\Repos\remate-teams-app\src\webparts\shared\RankingItem\RankingItem.tsx
FN:7,(anonymous_13)
FN:11,(anonymous_14)
FN:16,(anonymous_17)
FN:22,(anonymous_18)
FNF:4
FNH:2
FNDA:2,(anonymous_13)
FNDA:0,(anonymous_14)
FNDA:0,(anonymous_17)
FNDA:2,(anonymous_18)
DA:1,2
DA:2,2
DA:3,2
DA:5,2
DA:7,2
DA:9,2
DA:11,2
DA:12,0
DA:13,0
DA:16,2
DA:17,0
DA:18,0
DA:22,2
DA:23,2
DA:25,2
DA:27,0
DA:30,0
DA:33,2
DA:57,2
LF:19
LH:13
BRDA:17,0,0,0
BRDA:17,0,1,0
BRDA:17,1,0,0
BRDA:17,1,1,0
BRDA:24,2,0,2
BRDA:24,2,1,0
BRDA:34,3,0,2
BRDA:34,3,1,0
BRDA:38,4,0,2
BRDA:38,4,1,0
BRDA:44,5,0,0
BRDA:44,5,1,2
BRF:12
BRH:4
end_of_record
